<?xml version="1.0" encoding="UTF-8"?>
<!-- Generated by org.testng.reporters.JUnitReportReporter -->
<testsuite hostname="Kamolesh-PC" name="script.SmokeTest" tests="1" failures="0" timestamp="12 Nov 2014 06:02:08 GMT" time="33.859" errors="0">
  <testcase name="main" time="33.859" classname="script.SmokeTest"/>
</testsuite> <!-- script.SmokeTest -->
